{"ts":"2026-04-12T21:40:03.994Z","level":"info","event":"fetch.watch.start","videoId":"abc12345678","watchUrl":"https://www.youtube.com/watch?v=abc12345678"}
{"ts":"2026-04-12T21:40:04.040Z","level":"info","event":"fetch.watch.response","videoId":"abc12345678","status":200,"ok":true}
{"ts":"2026-04-12T21:40:04.045Z","level":"debug","event":"fetch.watch.body","videoId":"abc12345678","htmlLength":85,"hasCaptionTracks":true,"loginRequired":false,"errorStatus":false}
{"ts":"2026-04-12T21:40:04.046Z","level":"info","event":"fetch.watch.parsed","videoId":"abc12345678","state":"ok","trackCount":1,"tracks":[{"language":"en","kind":"manual","hasBaseUrl":true}]}
{"ts":"2026-04-12T21:40:04.047Z","level":"info","event":"fetch.track.picked","videoId":"abc12345678","language":"en","kind":"manual"}
{"ts":"2026-04-12T21:40:04.051Z","level":"info","event":"fetch.track.response","videoId":"abc12345678","status":200,"ok":true}
{"ts":"2026-04-12T21:40:04.052Z","level":"debug","event":"fetch.track.body","videoId":"abc12345678","xmlLength":151}
{"ts":"2026-04-12T21:40:04.053Z","level":"info","event":"fetch.track.parsed","videoId":"abc12345678","cueCount":2}
{"ts":"2026-04-12T21:40:04.056Z","level":"info","event":"fetch.watch.start","videoId":"abc","watchUrl":"https://www.youtube.com/watch?v=abc"}
{"ts":"2026-04-12T21:40:04.059Z","level":"info","event":"fetch.watch.response","videoId":"abc","status":200,"ok":true}
{"ts":"2026-04-12T21:40:04.061Z","level":"debug","event":"fetch.watch.body","videoId":"abc","htmlLength":22,"hasCaptionTracks":false,"loginRequired":false,"errorStatus":false}
{"ts":"2026-04-12T21:40:04.061Z","level":"info","event":"fetch.watch.parsed","videoId":"abc","state":"no-captions","trackCount":0,"tracks":[]}
{"ts":"2026-04-12T21:40:04.062Z","level":"warn","event":"fetch.no-captions","videoId":"abc","htmlSample":"<html>no tracks</html>"}
{"ts":"2026-04-12T21:40:04.065Z","level":"info","event":"fetch.watch.start","videoId":"p","watchUrl":"https://www.youtube.com/watch?v=p"}
{"ts":"2026-04-12T21:40:04.069Z","level":"info","event":"fetch.watch.response","videoId":"p","status":200,"ok":true}
{"ts":"2026-04-12T21:40:04.070Z","level":"debug","event":"fetch.watch.body","videoId":"p","htmlLength":27,"hasCaptionTracks":false,"loginRequired":true,"errorStatus":false}
{"ts":"2026-04-12T21:40:04.072Z","level":"info","event":"fetch.watch.parsed","videoId":"p","state":"private","trackCount":0,"tracks":[]}
{"ts":"2026-04-12T21:40:04.074Z","level":"info","event":"fetch.watch.start","videoId":"r","watchUrl":"https://www.youtube.com/watch?v=r"}
{"ts":"2026-04-12T21:40:04.077Z","level":"info","event":"fetch.watch.response","videoId":"r","status":200,"ok":true}
{"ts":"2026-04-12T21:40:04.079Z","level":"debug","event":"fetch.watch.body","videoId":"r","htmlLength":36,"hasCaptionTracks":false,"loginRequired":false,"errorStatus":true}
{"ts":"2026-04-12T21:40:04.080Z","level":"info","event":"fetch.watch.parsed","videoId":"r","state":"removed","trackCount":0,"tracks":[]}
{"ts":"2026-04-12T21:40:04.086Z","level":"info","event":"fetch.watch.start","videoId":"x","watchUrl":"https://www.youtube.com/watch?v=x"}
{"ts":"2026-04-12T21:40:04.090Z","level":"info","event":"fetch.watch.response","videoId":"x","status":404,"ok":false}
{"ts":"2026-04-12T21:40:04.094Z","level":"info","event":"fetch.watch.start","videoId":"vid00000001","watchUrl":"https://www.youtube.com/watch?v=vid00000001"}
{"ts":"2026-04-12T21:40:04.097Z","level":"info","event":"fetch.watch.response","videoId":"vid00000001","status":200,"ok":true}
{"ts":"2026-04-12T21:40:04.098Z","level":"debug","event":"fetch.watch.body","videoId":"vid00000001","htmlLength":85,"hasCaptionTracks":true,"loginRequired":false,"errorStatus":false}
{"ts":"2026-04-12T21:40:04.098Z","level":"info","event":"fetch.watch.parsed","videoId":"vid00000001","state":"ok","trackCount":1,"tracks":[{"language":"en","kind":"manual","hasBaseUrl":true}]}
{"ts":"2026-04-12T21:40:04.099Z","level":"info","event":"fetch.track.picked","videoId":"vid00000001","language":"en","kind":"manual"}
{"ts":"2026-04-12T21:40:04.102Z","level":"info","event":"fetch.track.response","videoId":"vid00000001","status":200,"ok":true}
{"ts":"2026-04-12T21:40:04.104Z","level":"debug","event":"fetch.track.body","videoId":"vid00000001","xmlLength":151}
{"ts":"2026-04-12T21:40:04.104Z","level":"info","event":"fetch.track.parsed","videoId":"vid00000001","cueCount":2}
{"ts":"2026-04-12T21:40:24.465Z","level":"info","event":"fetch.watch.start","videoId":"abc12345678","watchUrl":"https://www.youtube.com/watch?v=abc12345678"}
{"ts":"2026-04-12T21:40:24.516Z","level":"info","event":"fetch.watch.response","videoId":"abc12345678","status":200,"ok":true}
{"ts":"2026-04-12T21:40:24.520Z","level":"debug","event":"fetch.watch.body","videoId":"abc12345678","htmlLength":85,"hasCaptionTracks":true,"loginRequired":false,"errorStatus":false}
{"ts":"2026-04-12T21:40:24.521Z","level":"info","event":"fetch.watch.parsed","videoId":"abc12345678","state":"ok","trackCount":1,"tracks":[{"language":"en","kind":"manual","hasBaseUrl":true}]}
{"ts":"2026-04-12T21:40:24.522Z","level":"info","event":"fetch.track.picked","videoId":"abc12345678","language":"en","kind":"manual"}
{"ts":"2026-04-12T21:40:24.524Z","level":"info","event":"fetch.track.response","videoId":"abc12345678","status":200,"ok":true}
{"ts":"2026-04-12T21:40:24.525Z","level":"debug","event":"fetch.track.body","videoId":"abc12345678","xmlLength":151}
{"ts":"2026-04-12T21:40:24.526Z","level":"info","event":"fetch.track.parsed","videoId":"abc12345678","cueCount":2}
{"ts":"2026-04-12T21:40:24.529Z","level":"info","event":"fetch.watch.start","videoId":"abc","watchUrl":"https://www.youtube.com/watch?v=abc"}
{"ts":"2026-04-12T21:40:24.535Z","level":"info","event":"fetch.watch.response","videoId":"abc","status":200,"ok":true}
{"ts":"2026-04-12T21:40:24.536Z","level":"debug","event":"fetch.watch.body","videoId":"abc","htmlLength":22,"hasCaptionTracks":false,"loginRequired":false,"errorStatus":false}
{"ts":"2026-04-12T21:40:24.537Z","level":"info","event":"fetch.watch.parsed","videoId":"abc","state":"no-captions","trackCount":0,"tracks":[]}
{"ts":"2026-04-12T21:40:24.537Z","level":"warn","event":"fetch.no-captions","videoId":"abc","htmlSample":"<html>no tracks</html>"}
{"ts":"2026-04-12T21:40:24.540Z","level":"info","event":"fetch.watch.start","videoId":"p","watchUrl":"https://www.youtube.com/watch?v=p"}
{"ts":"2026-04-12T21:40:24.543Z","level":"info","event":"fetch.watch.response","videoId":"p","status":200,"ok":true}
{"ts":"2026-04-12T21:40:24.548Z","level":"debug","event":"fetch.watch.body","videoId":"p","htmlLength":27,"hasCaptionTracks":false,"loginRequired":true,"errorStatus":false}
{"ts":"2026-04-12T21:40:24.549Z","level":"info","event":"fetch.watch.parsed","videoId":"p","state":"private","trackCount":0,"tracks":[]}
{"ts":"2026-04-12T21:40:24.551Z","level":"info","event":"fetch.watch.start","videoId":"r","watchUrl":"https://www.youtube.com/watch?v=r"}
{"ts":"2026-04-12T21:40:24.554Z","level":"info","event":"fetch.watch.response","videoId":"r","status":200,"ok":true}
{"ts":"2026-04-12T21:40:24.555Z","level":"debug","event":"fetch.watch.body","videoId":"r","htmlLength":36,"hasCaptionTracks":false,"loginRequired":false,"errorStatus":true}
{"ts":"2026-04-12T21:40:24.556Z","level":"info","event":"fetch.watch.parsed","videoId":"r","state":"removed","trackCount":0,"tracks":[]}
{"ts":"2026-04-12T21:40:24.560Z","level":"info","event":"fetch.watch.start","videoId":"x","watchUrl":"https://www.youtube.com/watch?v=x"}
{"ts":"2026-04-12T21:40:24.563Z","level":"info","event":"fetch.watch.response","videoId":"x","status":404,"ok":false}
{"ts":"2026-04-12T21:40:24.566Z","level":"info","event":"fetch.watch.start","videoId":"vid00000001","watchUrl":"https://www.youtube.com/watch?v=vid00000001"}
{"ts":"2026-04-12T21:40:24.569Z","level":"info","event":"fetch.watch.response","videoId":"vid00000001","status":200,"ok":true}
{"ts":"2026-04-12T21:40:24.571Z","level":"debug","event":"fetch.watch.body","videoId":"vid00000001","htmlLength":85,"hasCaptionTracks":true,"loginRequired":false,"errorStatus":false}
{"ts":"2026-04-12T21:40:24.571Z","level":"info","event":"fetch.watch.parsed","videoId":"vid00000001","state":"ok","trackCount":1,"tracks":[{"language":"en","kind":"manual","hasBaseUrl":true}]}
{"ts":"2026-04-12T21:40:24.572Z","level":"info","event":"fetch.track.picked","videoId":"vid00000001","language":"en","kind":"manual"}
{"ts":"2026-04-12T21:40:24.574Z","level":"info","event":"fetch.track.response","videoId":"vid00000001","status":200,"ok":true}
{"ts":"2026-04-12T21:40:24.575Z","level":"debug","event":"fetch.track.body","videoId":"vid00000001","xmlLength":151}
{"ts":"2026-04-12T21:40:24.576Z","level":"info","event":"fetch.track.parsed","videoId":"vid00000001","cueCount":2}
